mode: set
github.com/lbrines/classsphere/cmd/api/main.go:28.60,31.20 3 0
github.com/lbrines/classsphere/cmd/api/main.go:31.20,31.39 1 0
github.com/lbrines/classsphere/cmd/api/main.go:34.13,38.16 3 1
github.com/lbrines/classsphere/cmd/api/main.go:38.16,40.3 1 0
github.com/lbrines/classsphere/cmd/api/main.go:41.2,46.75 4 1
github.com/lbrines/classsphere/cmd/api/main.go:56.67,58.16 2 1
github.com/lbrines/classsphere/cmd/api/main.go:58.16,60.3 1 1
github.com/lbrines/classsphere/cmd/api/main.go:62.2,71.47 4 1
github.com/lbrines/classsphere/cmd/api/main.go:71.47,73.3 1 1
github.com/lbrines/classsphere/cmd/api/main.go:75.2,79.16 4 1
github.com/lbrines/classsphere/cmd/api/main.go:79.16,81.3 1 0
github.com/lbrines/classsphere/cmd/api/main.go:82.2,83.16 2 1
github.com/lbrines/classsphere/cmd/api/main.go:83.16,85.3 1 0
github.com/lbrines/classsphere/cmd/api/main.go:87.2,89.20 2 1
github.com/lbrines/classsphere/cmd/api/main.go:89.20,91.3 1 1
github.com/lbrines/classsphere/cmd/api/main.go:93.2,98.17 1 1
github.com/lbrines/classsphere/cmd/api/main.go:101.111,103.12 2 1
github.com/lbrines/classsphere/cmd/api/main.go:103.12,104.70 1 1
github.com/lbrines/classsphere/cmd/api/main.go:104.70,107.4 2 0
github.com/lbrines/classsphere/cmd/api/main.go:110.2,112.21 2 1
github.com/lbrines/classsphere/cmd/api/main.go:112.21,116.3 3 1
github.com/lbrines/classsphere/cmd/api/main.go:118.2,123.40 4 1
github.com/lbrines/classsphere/cmd/api/main.go:123.40,125.3 1 0
github.com/lbrines/classsphere/cmd/api/main.go:126.2,126.42 1 1
github.com/lbrines/classsphere/cmd/api/main.go:129.51,131.16 2 1
github.com/lbrines/classsphere/cmd/api/main.go:131.16,134.3 2 0
github.com/lbrines/classsphere/cmd/api/main.go:135.2,135.14 1 1
github.com/lbrines/classsphere/cmd/api/main.go:139.47,141.16 2 1
github.com/lbrines/classsphere/cmd/api/main.go:141.16,143.3 1 0
github.com/lbrines/classsphere/cmd/api/main.go:144.2,145.16 2 1
github.com/lbrines/classsphere/cmd/api/main.go:145.16,147.3 1 0
github.com/lbrines/classsphere/cmd/api/main.go:149.2,168.8 1 1
