mode: set
classsphere-backend/services/google.go:52.77,57.2 1 1
classsphere-backend/services/google.go:60.60,62.2 1 1
classsphere-backend/services/google.go:65.79,66.16 1 1
classsphere-backend/services/google.go:70.2,70.21 1 1
classsphere-backend/services/google.go:74.2,74.37 1 1
classsphere-backend/services/google.go:66.16,68.3 1 1
classsphere-backend/services/google.go:70.21,72.3 1 1
classsphere-backend/services/google.go:78.83,79.16 1 1
classsphere-backend/services/google.go:83.2,83.21 1 1
classsphere-backend/services/google.go:87.2,87.40 1 1
classsphere-backend/services/google.go:79.16,81.3 1 1
classsphere-backend/services/google.go:83.21,85.3 1 1
classsphere-backend/services/google.go:91.89,92.16 1 1
classsphere-backend/services/google.go:96.2,96.21 1 1
classsphere-backend/services/google.go:100.2,100.43 1 1
classsphere-backend/services/google.go:92.16,94.3 1 1
classsphere-backend/services/google.go:96.21,98.3 1 1
classsphere-backend/services/google.go:104.60,152.2 1 1
classsphere-backend/services/google.go:155.62,206.2 1 1
classsphere-backend/services/google.go:209.68,262.2 2 1
classsphere-backend/services/google.go:265.59,267.23 2 1
classsphere-backend/services/google.go:271.2,272.41 2 1
classsphere-backend/services/google.go:267.23,269.3 1 0
classsphere-backend/services/google.go:276.61,278.24 2 1
classsphere-backend/services/google.go:282.2,283.43 2 1
classsphere-backend/services/google.go:278.24,280.3 1 0
classsphere-backend/services/google.go:287.67,289.27 2 1
classsphere-backend/services/google.go:293.2,294.49 2 1
classsphere-backend/services/google.go:289.27,291.3 1 0
classsphere-backend/services/google.go:298.98,301.16 2 1
classsphere-backend/services/google.go:306.2,307.16 2 1
classsphere-backend/services/google.go:312.2,321.41 2 1
classsphere-backend/services/google.go:329.2,329.19 1 1
classsphere-backend/services/google.go:301.16,303.3 1 1
classsphere-backend/services/google.go:307.16,309.3 1 0
classsphere-backend/services/google.go:321.41,322.38 1 1
classsphere-backend/services/google.go:322.38,324.4 1 1
classsphere-backend/services/google.go:324.9,326.4 1 1
classsphere-backend/services/metrics.go:11.42,13.2 1 1
classsphere-backend/services/metrics.go:48.81,51.23 2 1
classsphere-backend/services/metrics.go:55.2,58.33 2 1
classsphere-backend/services/metrics.go:68.2,74.16 4 1
classsphere-backend/services/metrics.go:51.23,53.3 1 1
classsphere-backend/services/metrics.go:58.33,59.37 1 1
classsphere-backend/services/metrics.go:59.37,61.4 1 1
classsphere-backend/services/metrics.go:61.9,61.46 1 1
classsphere-backend/services/metrics.go:61.46,63.4 1 1
classsphere-backend/services/metrics.go:78.85,81.24 2 1
classsphere-backend/services/metrics.go:85.2,88.16 3 1
classsphere-backend/services/metrics.go:81.24,83.3 1 1
classsphere-backend/services/metrics.go:92.97,95.27 2 1
classsphere-backend/services/metrics.go:99.2,104.41 3 1
classsphere-backend/services/metrics.go:114.2,117.34 2 1
classsphere-backend/services/metrics.go:121.2,121.16 1 1
classsphere-backend/services/metrics.go:95.27,97.3 1 1
classsphere-backend/services/metrics.go:104.41,105.38 1 1
classsphere-backend/services/metrics.go:111.3,111.38 1 1
classsphere-backend/services/metrics.go:105.38,107.4 1 1
classsphere-backend/services/metrics.go:107.9,107.41 1 1
classsphere-backend/services/metrics.go:107.41,109.4 1 1
classsphere-backend/services/metrics.go:117.34,119.3 1 1
classsphere-backend/services/metrics.go:125.127,131.2 1 1
classsphere-backend/services/metrics.go:134.149,143.14 3 1
classsphere-backend/services/metrics.go:174.2,174.20 1 1
classsphere-backend/services/metrics.go:144.17,150.4 1 1
classsphere-backend/services/metrics.go:151.17,157.4 1 1
classsphere-backend/services/metrics.go:158.21,164.4 1 1
classsphere-backend/services/metrics.go:165.15,171.4 1 1
classsphere-backend/services/metrics.go:179.80,182.2 1 1
classsphere-backend/services/metrics.go:184.82,187.2 1 1
classsphere-backend/services/metrics.go:189.79,192.2 1 1
classsphere-backend/services/metrics.go:194.75,197.2 1 1
classsphere-backend/services/metrics.go:199.65,201.23 1 1
classsphere-backend/services/metrics.go:204.2,204.52 1 1
classsphere-backend/services/metrics.go:201.23,203.3 1 1
classsphere-backend/services/metrics.go:207.68,210.2 1 1
classsphere-backend/services/metrics.go:213.135,225.2 1 1
classsphere-backend/services/metrics.go:227.84,230.2 1 1
classsphere-backend/services/metrics.go:232.58,235.2 1 1
classsphere-backend/services/metrics.go:237.97,239.45 1 1
classsphere-backend/services/metrics.go:244.2,247.24 2 1
classsphere-backend/services/metrics.go:251.2,251.41 1 1
classsphere-backend/services/metrics.go:239.45,241.3 1 1
classsphere-backend/services/metrics.go:247.24,249.3 1 0
classsphere-backend/services/metrics.go:254.87,256.27 1 1
classsphere-backend/services/metrics.go:260.2,261.41 2 1
classsphere-backend/services/metrics.go:266.2,270.26 3 1
classsphere-backend/services/metrics.go:274.2,274.43 1 1
classsphere-backend/services/metrics.go:256.27,258.3 1 1
classsphere-backend/services/metrics.go:261.41,263.3 1 1
classsphere-backend/services/metrics.go:270.26,272.3 1 0
